<?xml version="1.0" encoding="UTF-8"?>
<!-- Generated by org.testng.reporters.JUnitReportReporter -->
<testsuite hostname="Sneha-Laptop" failures="0" tests="9" name="Demo.OrangeHRM" time="35.515" errors="0" timestamp="2024-06-19T10:06:08 IST" skipped="7">
  <testcase classname="Demo.OrangeHRM" name="ListEmployees" time="20.881"/>
  <testcase classname="Demo.OrangeHRM" name="applyLeave" time="14.634"/>
  <testcase classname="Demo.OrangeHRM" name="doLoginWithInvalidCredential">
    <skipped/>
  </testcase> <!-- doLoginWithInvalidCredential -->
  <testcase classname="Demo.OrangeHRM" name="loginTestWithValidCredential">
    <skipped/>
  </testcase> <!-- loginTestWithValidCredential -->
  <testcase classname="Demo.OrangeHRM" name="searchEmployeeById">
    <skipped/>
  </testcase> <!-- searchEmployeeById -->
  <testcase classname="Demo.OrangeHRM" name="searchEmployeeNyName">
    <skipped/>
  </testcase> <!-- searchEmployeeNyName -->
  <testcase classname="Demo.OrangeHRM" name="addEmployee">
    <skipped/>
  </testcase> <!-- addEmployee -->
  <testcase classname="Demo.OrangeHRM" name="deleteEmployee">
    <skipped/>
  </testcase> <!-- deleteEmployee -->
  <testcase classname="Demo.OrangeHRM" name="fileUpload">
    <skipped/>
  </testcase> <!-- fileUpload -->
</testsuite> <!-- Demo.OrangeHRM -->
