<?xml version="1.0" encoding="UTF-8"?>
<!-- Generated by org.testng.reporters.JUnitReportReporter -->
<testsuite hostname="Sneha-Laptop" failures="0" tests="2" name="Tests.LoginTest" time="11.427" errors="0" timestamp="2024-06-19T14:05:44 IST" skipped="0">
  <testcase classname="Tests.LoginTest" name="doLoginWithInvalidCredential" time="10.076"/>
  <testcase classname="Tests.LoginTest" name="loginTestWithValidCredential" time="1.351"/>
</testsuite> <!-- Tests.LoginTest -->
